Using pre-set license
Built from '2020.2/release' branch; Version is '2020.2.1f1 (270dd8c3da1c) revision 2559448'; Using compiler version '192528614'; Build Type 'Release'
OS: 'Windows 10  (10.0.0) 64bit' Language: 'en' Physical Memory: 16333 MB
BatchMode: 1, IsHumanControllingUs: 0, StartBugReporterOnCrash: 0, Is64bit: 1, IsPro: 0

 COMMAND LINE ARGUMENTS:
C:\Users\ganda\Documents\2020.2.1f1\Editor\Unity.exe
-adb2
-batchMode
-noUpm
-name
AssetImportWorker0
-projectPath
C:/Users/ganda/Documents/GitHub/Project-Beats/Project Beats
-logFile
Logs/AssetImportWorker0.log
-srvPort
63810
Successfully changed project path to: C:/Users/ganda/Documents/GitHub/Project-Beats/Project Beats
C:/Users/ganda/Documents/GitHub/Project-Beats/Project Beats
Using Asset Import Pipeline V2.
Refreshing native plugins compatible for Editor in 34.82 ms, found 1 plugins.
Preloading 0 native plugins for Editor in 0.00 ms.
Initialize engine version: 2020.2.1f1 (270dd8c3da1c)
[Subsystems] Discovering subsystems at path C:/Users/ganda/Documents/2020.2.1f1/Editor/Data/Resources/UnitySubsystems
[Subsystems] Discovering subsystems at path C:/Users/ganda/Documents/GitHub/Project-Beats/Project Beats/Assets
GfxDevice: creating device client; threaded=0
Direct3D:
    Version:  Direct3D 11.0 [level 11.1]
    Renderer: NVIDIA GeForce RTX 2060 (ID=0x1e89)
    Vendor:   
    VRAM:     5967 MB
    Driver:   27.21.14.5206
Initialize mono
Mono path[0] = 'C:/Users/ganda/Documents/2020.2.1f1/Editor/Data/Managed'
Mono path[1] = 'C:/Users/ganda/Documents/2020.2.1f1/Editor/Data/MonoBleedingEdge/lib/mono/unityjit'
Mono config path = 'C:/Users/ganda/Documents/2020.2.1f1/Editor/Data/MonoBleedingEdge/etc'
Using monoOptions --debugger-agent=transport=dt_socket,embedding=1,server=y,suspend=n,address=127.0.0.1:56824
Begin MonoManager ReloadAssembly
Registering precompiled unity dll's ...
Register platform support module: C:/Users/ganda/Documents/2020.2.1f1/Editor/Data/PlaybackEngines/WebGLSupport/UnityEditor.WebGL.Extensions.dll
Register platform support module: C:/Users/ganda/Documents/2020.2.1f1/Editor/Data/PlaybackEngines/WindowsStandaloneSupport/UnityEditor.WindowsStandalone.Extensions.dll
Registered in 0.001746 seconds.
Native extension for WindowsStandalone target not found
Native extension for WebGL target not found
Refreshing native plugins compatible for Editor in 30.94 ms, found 1 plugins.
Preloading 0 native plugins for Editor in 0.00 ms.
Invoked RoslynAnalysisRunner static constructor.
RoslynAnalysisRunner will not be running.
RoslynAnalysisRunner has terminated.
Mono: successfully reloaded assembly
- Completed reload, in 10.162 seconds
Platform modules already initialized, skipping
Registering precompiled user dll's ...
Registered in 0.000843 seconds.
Begin MonoManager ReloadAssembly
Native extension for WindowsStandalone target not found
Native extension for WebGL target not found
Refreshing native plugins compatible for Editor in 31.12 ms, found 1 plugins.
Preloading 0 native plugins for Editor in 0.00 ms.
Invoked RoslynAnalysisRunner static constructor.
RoslynAnalysisRunner will not be running.
RoslynAnalysisRunner has terminated.
Mono: successfully reloaded assembly
- Completed reload, in  0.773 seconds
Platform modules already initialized, skipping
========================================================================
Worker process is ready to serve import requests
Launched and connected shader compiler UnityShaderCompiler.exe after 0.05 seconds
Refreshing native plugins compatible for Editor in 0.33 ms, found 1 plugins.
Preloading 0 native plugins for Editor in 0.00 ms.
Unloading 1791 Unused Serialized files (Serialized files now loaded: 0)
System memory in use before: 83.7 MB.
System memory in use after: 83.7 MB.

Unloading 24 unused Assets to reduce memory usage. Loaded Objects now: 2231.
Total: 1.793600 ms (FindLiveObjects: 0.186300 ms CreateObjectMapping: 0.045400 ms MarkObjects: 1.463400 ms  DeleteObjects: 0.097600 ms)

========================================================================
Received Import Request.
  path: Assets/Scripts/BeatScroller.cs
  artifactKey: Guid(f65c8cb40480c554db85ea31b57457f8) Importer(815301076,1909f56bfc062723c751e8b465ee728b)
Start importing Assets/Scripts/BeatScroller.cs using Guid(f65c8cb40480c554db85ea31b57457f8) Importer(815301076,1909f56bfc062723c751e8b465ee728b)  -> (artifact id: '25fbf11871ce21a8880a54b7f4a516fa') in 0.038341 seconds
  Import took 0.041084 seconds .

========================================================================
Received Prepare
Registering precompiled user dll's ...
Registered in 0.000682 seconds.
Begin MonoManager ReloadAssembly
Native extension for WindowsStandalone target not found
Native extension for WebGL target not found
Refreshing native plugins compatible for Editor in 0.46 ms, found 1 plugins.
Preloading 0 native plugins for Editor in 0.00 ms.
Invoked RoslynAnalysisRunner static constructor.
RoslynAnalysisRunner will not be running.
RoslynAnalysisRunner has terminated.
Mono: successfully reloaded assembly
- Completed reload, in  0.664 seconds
Platform modules already initialized, skipping
Refreshing native plugins compatible for Editor in 0.26 ms, found 1 plugins.
Preloading 0 native plugins for Editor in 0.00 ms.
Unloading 1786 Unused Serialized files (Serialized files now loaded: 0)
System memory in use before: 83.7 MB.
System memory in use after: 83.7 MB.

Unloading 12 unused Assets to reduce memory usage. Loaded Objects now: 2234.
Total: 2.014900 ms (FindLiveObjects: 0.185900 ms CreateObjectMapping: 0.042700 ms MarkObjects: 1.698600 ms  DeleteObjects: 0.086600 ms)

========================================================================
Received Import Request.
  Time since last request: 721.937160 seconds.
  path: Assets/Sprites
  artifactKey: Guid(1384b456999a4fe4bae5bc8847a2e618) Importer(815301076,1909f56bfc062723c751e8b465ee728b)
Start importing Assets/Sprites using Guid(1384b456999a4fe4bae5bc8847a2e618) Importer(815301076,1909f56bfc062723c751e8b465ee728b)  -> (artifact id: '3712599eba7314f3cfab3587ddc908be') in 0.009387 seconds
  Import took 0.012274 seconds .

========================================================================
Received Import Request.
  Time since last request: 0.064079 seconds.
  path: Assets/Sprites/Blue Note.png
  artifactKey: Guid(6d9bfb7c191d463428a3a37f35488c75) Importer(815301076,1909f56bfc062723c751e8b465ee728b)
Start importing Assets/Sprites/Blue Note.png using Guid(6d9bfb7c191d463428a3a37f35488c75) Importer(815301076,1909f56bfc062723c751e8b465ee728b)  -> (artifact id: 'a692f604162c6d0b231d023fffa57eb7') in 0.107129 seconds
  Import took 0.110756 seconds .

========================================================================
Received Import Request.
  Time since last request: 0.000152 seconds.
  path: Assets/Sprites/Purple Note.png
  artifactKey: Guid(8478a4c78051ad84c889f35cb74802af) Importer(815301076,1909f56bfc062723c751e8b465ee728b)
Start importing Assets/Sprites/Purple Note.png using Guid(8478a4c78051ad84c889f35cb74802af) Importer(815301076,1909f56bfc062723c751e8b465ee728b)  -> (artifact id: '420a53368f4c58beb1c964e53711b58e') in 0.017459 seconds
  Import took 0.020093 seconds .

========================================================================
Received Import Request.
  Time since last request: 0.000189 seconds.
  path: Assets/Sprites/Yellow Note.png
  artifactKey: Guid(68ea542dd54770c488b4a2d751f41e4d) Importer(815301076,1909f56bfc062723c751e8b465ee728b)
Start importing Assets/Sprites/Yellow Note.png using Guid(68ea542dd54770c488b4a2d751f41e4d) Importer(815301076,1909f56bfc062723c751e8b465ee728b)  -> (artifact id: '64c796977c232a10f425a82580d48f83') in 0.017292 seconds
  Import took 0.019905 seconds .

========================================================================
Received Import Request.
  Time since last request: 0.000145 seconds.
  path: Assets/Sprites/Green Note.png
  artifactKey: Guid(e809b80682c636b4ca834a0a2ffcef75) Importer(815301076,1909f56bfc062723c751e8b465ee728b)
Start importing Assets/Sprites/Green Note.png using Guid(e809b80682c636b4ca834a0a2ffcef75) Importer(815301076,1909f56bfc062723c751e8b465ee728b)  -> (artifact id: 'b2b8fb51b029321bd9611a4b7b7bff4d') in 0.019130 seconds
  Import took 0.021410 seconds .

========================================================================
Received Import Request.
  Time since last request: 0.000204 seconds.
  path: Assets/Sprites/Red Note.png
  artifactKey: Guid(2e26a37e1e72b26448bf8419cc0800be) Importer(815301076,1909f56bfc062723c751e8b465ee728b)
Start importing Assets/Sprites/Red Note.png using Guid(2e26a37e1e72b26448bf8419cc0800be) Importer(815301076,1909f56bfc062723c751e8b465ee728b)  -> (artifact id: '4169c9ed50d0f6a663b409d9c776bfd4') in 0.020234 seconds
  Import took 0.023194 seconds .

========================================================================
Received Import Request.
  Time since last request: 26.259007 seconds.
  path: Assets/Sprites/Yellow Note.png
  artifactKey: Guid(68ea542dd54770c488b4a2d751f41e4d) Importer(815301076,1909f56bfc062723c751e8b465ee728b)
Start importing Assets/Sprites/Yellow Note.png using Guid(68ea542dd54770c488b4a2d751f41e4d) Importer(815301076,1909f56bfc062723c751e8b465ee728b)  -> (artifact id: 'ef3b943ad1d37492d8d07c9fff9fa5bd') in 0.014912 seconds
  Import took 0.017525 seconds .

========================================================================
Received Import Request.
  Time since last request: 0.000159 seconds.
  path: Assets/Sprites/Blue Note.png
  artifactKey: Guid(6d9bfb7c191d463428a3a37f35488c75) Importer(815301076,1909f56bfc062723c751e8b465ee728b)
Start importing Assets/Sprites/Blue Note.png using Guid(6d9bfb7c191d463428a3a37f35488c75) Importer(815301076,1909f56bfc062723c751e8b465ee728b)  -> (artifact id: 'e27d7a52b58b517c4abcc37874103e38') in 0.011591 seconds
  Import took 0.013814 seconds .

========================================================================
Received Import Request.
  Time since last request: 0.000209 seconds.
  path: Assets/Sprites/Purple Note.png
  artifactKey: Guid(8478a4c78051ad84c889f35cb74802af) Importer(815301076,1909f56bfc062723c751e8b465ee728b)
Start importing Assets/Sprites/Purple Note.png using Guid(8478a4c78051ad84c889f35cb74802af) Importer(815301076,1909f56bfc062723c751e8b465ee728b)  -> (artifact id: '235ca407504a14f6b5d3bc79737edfa2') in 0.009636 seconds
  Import took 0.011937 seconds .

========================================================================
Received Import Request.
  Time since last request: 0.000188 seconds.
  path: Assets/Sprites/Green Note.png
  artifactKey: Guid(e809b80682c636b4ca834a0a2ffcef75) Importer(815301076,1909f56bfc062723c751e8b465ee728b)
Start importing Assets/Sprites/Green Note.png using Guid(e809b80682c636b4ca834a0a2ffcef75) Importer(815301076,1909f56bfc062723c751e8b465ee728b)  -> (artifact id: '64a7005ef66ba22bbc6e9cf45a7ae0cb') in 0.008779 seconds
  Import took 0.010959 seconds .

========================================================================
Received Import Request.
  Time since last request: 0.000164 seconds.
  path: Assets/Sprites/Red Note.png
  artifactKey: Guid(2e26a37e1e72b26448bf8419cc0800be) Importer(815301076,1909f56bfc062723c751e8b465ee728b)
Start importing Assets/Sprites/Red Note.png using Guid(2e26a37e1e72b26448bf8419cc0800be) Importer(815301076,1909f56bfc062723c751e8b465ee728b)  -> (artifact id: 'fedf2db60e93d123829dcbd1f3bcce9a') in 0.011235 seconds
  Import took 0.013819 seconds .

========================================================================
Received Import Request.
  Time since last request: 612.999831 seconds.
  path: Assets/Sprites/Blue Note Pressed.png
  artifactKey: Guid(6d3acb7de01e8b8428670a976b8506bd) Importer(815301076,1909f56bfc062723c751e8b465ee728b)
Start importing Assets/Sprites/Blue Note Pressed.png using Guid(6d3acb7de01e8b8428670a976b8506bd) Importer(815301076,1909f56bfc062723c751e8b465ee728b)  -> (artifact id: '49e10bdbf15cd1f9a5e8135a0ea6c456') in 0.014058 seconds
  Import took 0.016988 seconds .

========================================================================
Received Import Request.
  Time since last request: 0.000176 seconds.
  path: Assets/Sprites/Blue Note.png
  artifactKey: Guid(6d9bfb7c191d463428a3a37f35488c75) Importer(815301076,1909f56bfc062723c751e8b465ee728b)
Start importing Assets/Sprites/Blue Note.png using Guid(6d9bfb7c191d463428a3a37f35488c75) Importer(815301076,1909f56bfc062723c751e8b465ee728b)  -> (artifact id: 'dded096eedd19591e80f762817b2980a') in 0.010655 seconds
  Import took 0.013386 seconds .

========================================================================
Received Import Request.
  Time since last request: 0.000180 seconds.
  path: Assets/Sprites/Yellow Note Pressed.png
  artifactKey: Guid(78f11e0fedc8540419e6609ff4f907b4) Importer(815301076,1909f56bfc062723c751e8b465ee728b)
Start importing Assets/Sprites/Yellow Note Pressed.png using Guid(78f11e0fedc8540419e6609ff4f907b4) Importer(815301076,1909f56bfc062723c751e8b465ee728b)  -> (artifact id: '209f70b3283c6a16497ab14a75440e7b') in 0.013812 seconds
  Import took 0.016585 seconds .

========================================================================
Received Import Request.
  Time since last request: 0.000164 seconds.
  path: Assets/Sprites/Purple Note.png
  artifactKey: Guid(8478a4c78051ad84c889f35cb74802af) Importer(815301076,1909f56bfc062723c751e8b465ee728b)
Start importing Assets/Sprites/Purple Note.png using Guid(8478a4c78051ad84c889f35cb74802af) Importer(815301076,1909f56bfc062723c751e8b465ee728b)  -> (artifact id: '1bf8593e14fef5f1a68c46d5d693645b') in 0.010209 seconds
  Import took 0.012593 seconds .

========================================================================
Received Import Request.
  Time since last request: 0.000157 seconds.
  path: Assets/Sprites/Yellow Note.png
  artifactKey: Guid(68ea542dd54770c488b4a2d751f41e4d) Importer(815301076,1909f56bfc062723c751e8b465ee728b)
Start importing Assets/Sprites/Yellow Note.png using Guid(68ea542dd54770c488b4a2d751f41e4d) Importer(815301076,1909f56bfc062723c751e8b465ee728b)  -> (artifact id: 'a031bdc0825517f1617bd59caec31982') in 0.011193 seconds
  Import took 0.013691 seconds .

========================================================================
Received Import Request.
  Time since last request: 0.000136 seconds.
  path: Assets/Sprites/Green Note.png
  artifactKey: Guid(e809b80682c636b4ca834a0a2ffcef75) Importer(815301076,1909f56bfc062723c751e8b465ee728b)
Start importing Assets/Sprites/Green Note.png using Guid(e809b80682c636b4ca834a0a2ffcef75) Importer(815301076,1909f56bfc062723c751e8b465ee728b)  -> (artifact id: 'ec285bf376d7a0039f900186f0e37913') in 0.010978 seconds
  Import took 0.013300 seconds .

========================================================================
Received Import Request.
  Time since last request: 0.000174 seconds.
  path: Assets/Sprites/Green Note Pressed.png
  artifactKey: Guid(ab26a194fe914304bb5e358459cfeac0) Importer(815301076,1909f56bfc062723c751e8b465ee728b)
Start importing Assets/Sprites/Green Note Pressed.png using Guid(ab26a194fe914304bb5e358459cfeac0) Importer(815301076,1909f56bfc062723c751e8b465ee728b)  -> (artifact id: '9c56f245ca33a6a7f37bf9f182594270') in 0.015172 seconds
  Import took 0.017558 seconds .

========================================================================
Received Import Request.
  Time since last request: 0.000156 seconds.
  path: Assets/Sprites/Red Note.png
  artifactKey: Guid(2e26a37e1e72b26448bf8419cc0800be) Importer(815301076,1909f56bfc062723c751e8b465ee728b)
Start importing Assets/Sprites/Red Note.png using Guid(2e26a37e1e72b26448bf8419cc0800be) Importer(815301076,1909f56bfc062723c751e8b465ee728b)  -> (artifact id: 'd43825d9867af2038bf8c875ec7e077e') in 0.009373 seconds
  Import took 0.011661 seconds .

========================================================================
Received Import Request.
  Time since last request: 0.000165 seconds.
  path: Assets/Sprites/Purple Note Pressed.png
  artifactKey: Guid(0b38871beed90cf4bac442f98be649d3) Importer(815301076,1909f56bfc062723c751e8b465ee728b)
Start importing Assets/Sprites/Purple Note Pressed.png using Guid(0b38871beed90cf4bac442f98be649d3) Importer(815301076,1909f56bfc062723c751e8b465ee728b)  -> (artifact id: 'c52c111c9d274ecf1f9c60137cb703ca') in 0.013244 seconds
  Import took 0.015779 seconds .

========================================================================
Received Import Request.
  Time since last request: 0.000158 seconds.
  path: Assets/Sprites/Red Note Pressed.png
  artifactKey: Guid(8da6055286de63f48a4df0533ce09f3d) Importer(815301076,1909f56bfc062723c751e8b465ee728b)
Start importing Assets/Sprites/Red Note Pressed.png using Guid(8da6055286de63f48a4df0533ce09f3d) Importer(815301076,1909f56bfc062723c751e8b465ee728b)  -> (artifact id: '26e13bc3649ea2067b226b9b65a98af3') in 0.012610 seconds
  Import took 0.014880 seconds .

========================================================================
Received Prepare
Registering precompiled user dll's ...
Registered in 0.000676 seconds.
Begin MonoManager ReloadAssembly
Native extension for WindowsStandalone target not found
Native extension for WebGL target not found
Refreshing native plugins compatible for Editor in 0.34 ms, found 1 plugins.
Preloading 0 native plugins for Editor in 0.00 ms.
Invoked RoslynAnalysisRunner static constructor.
RoslynAnalysisRunner will not be running.
RoslynAnalysisRunner has terminated.
Mono: successfully reloaded assembly
- Completed reload, in  0.659 seconds
Platform modules already initialized, skipping
Refreshing native plugins compatible for Editor in 0.32 ms, found 1 plugins.
Preloading 0 native plugins for Editor in 0.00 ms.
Unloading 1786 Unused Serialized files (Serialized files now loaded: 0)
System memory in use before: 86.9 MB.
System memory in use after: 86.9 MB.

Unloading 12 unused Assets to reduce memory usage. Loaded Objects now: 2243.
Total: 2.028000 ms (FindLiveObjects: 0.198300 ms CreateObjectMapping: 0.038200 ms MarkObjects: 1.706200 ms  DeleteObjects: 0.084300 ms)

========================================================================
Received Prepare
Registering precompiled user dll's ...
Registered in 0.000889 seconds.
Begin MonoManager ReloadAssembly
Native extension for WindowsStandalone target not found
Native extension for WebGL target not found
Refreshing native plugins compatible for Editor in 0.33 ms, found 1 plugins.
Preloading 0 native plugins for Editor in 0.00 ms.
Invoked RoslynAnalysisRunner static constructor.
RoslynAnalysisRunner will not be running.
RoslynAnalysisRunner has terminated.
Mono: successfully reloaded assembly
- Completed reload, in  0.658 seconds
Platform modules already initialized, skipping
Refreshing native plugins compatible for Editor in 0.28 ms, found 1 plugins.
Preloading 0 native plugins for Editor in 0.00 ms.
Unloading 1786 Unused Serialized files (Serialized files now loaded: 0)
System memory in use before: 87.0 MB.
System memory in use after: 87.0 MB.

Unloading 12 unused Assets to reduce memory usage. Loaded Objects now: 2246.
Total: 1.990300 ms (FindLiveObjects: 0.211400 ms CreateObjectMapping: 0.039500 ms MarkObjects: 1.644400 ms  DeleteObjects: 0.092800 ms)

========================================================================
Received Import Request.
  Time since last request: 1389.747387 seconds.
  path: Assets/Prefabs
  artifactKey: Guid(bc4088e2fdcd79e4795be96ccc11ffb8) Importer(815301076,1909f56bfc062723c751e8b465ee728b)
Start importing Assets/Prefabs using Guid(bc4088e2fdcd79e4795be96ccc11ffb8) Importer(815301076,1909f56bfc062723c751e8b465ee728b)  -> (artifact id: 'b0bfb601b0250fe9d40d54c4461482b7') in 0.011070 seconds
  Import took 0.014269 seconds .

========================================================================
Received Import Request.
  Time since last request: 38.639332 seconds.
  path: Assets/Buttons_Blue.prefab
  artifactKey: Guid(d983eb3227535154a9e03653de7050ce) Importer(815301076,1909f56bfc062723c751e8b465ee728b)
Start importing Assets/Buttons_Blue.prefab using Guid(d983eb3227535154a9e03653de7050ce) Importer(815301076,1909f56bfc062723c751e8b465ee728b)  -> (artifact id: 'c2734b8312dd5cd71dbae0d4b88fb539') in 0.077556 seconds
  Import took 0.080625 seconds .

========================================================================
Received Import Request.
  Time since last request: 11.419193 seconds.
  path: Assets/Buttons_Red.prefab
  artifactKey: Guid(012de7ab1123f2a4fb124a217e1bec88) Importer(815301076,1909f56bfc062723c751e8b465ee728b)
Start importing Assets/Buttons_Red.prefab using Guid(012de7ab1123f2a4fb124a217e1bec88) Importer(815301076,1909f56bfc062723c751e8b465ee728b)  -> (artifact id: 'f122fee6bf9f5c35218be3f8a94f3cc3') in 0.019386 seconds
  Import took 0.022936 seconds .

========================================================================
Received Import Request.
  Time since last request: 1.838526 seconds.
  path: Assets/Buttons_Green.prefab
  artifactKey: Guid(4531e37f08e0d47498b4b49be8b43783) Importer(815301076,1909f56bfc062723c751e8b465ee728b)
Start importing Assets/Buttons_Green.prefab using Guid(4531e37f08e0d47498b4b49be8b43783) Importer(815301076,1909f56bfc062723c751e8b465ee728b)  -> (artifact id: '7720a63c45846df7faf4818f1b5ce983') in 0.013326 seconds
  Import took 0.016060 seconds .

========================================================================
Received Import Request.
  Time since last request: 2.118481 seconds.
  path: Assets/Buttons_Yellow.prefab
  artifactKey: Guid(ca2da0f051af54a49afd33f09ec670ca) Importer(815301076,1909f56bfc062723c751e8b465ee728b)
Start importing Assets/Buttons_Yellow.prefab using Guid(ca2da0f051af54a49afd33f09ec670ca) Importer(815301076,1909f56bfc062723c751e8b465ee728b)  -> (artifact id: '7806c6b45b223676f96249d4d3ead1b9') in 0.013771 seconds
  Import took 0.016506 seconds .

========================================================================
Received Import Request.
  Time since last request: 18.309587 seconds.
  path: Assets/Prefabs/Notes
  artifactKey: Guid(f63711ad790ff2b408c17755f53cd0f3) Importer(815301076,1909f56bfc062723c751e8b465ee728b)
Start importing Assets/Prefabs/Notes using Guid(f63711ad790ff2b408c17755f53cd0f3) Importer(815301076,1909f56bfc062723c751e8b465ee728b)  -> (artifact id: 'b5ffa579252fca60fe664d47c91f512b') in 0.008729 seconds
  Import took 0.012129 seconds .

========================================================================
Received Import Request.
  Time since last request: 17.712589 seconds.
  path: Assets/Prefabs/NoteButtons
  artifactKey: Guid(2a613ccb9599fde4c96712f3afa56c97) Importer(815301076,1909f56bfc062723c751e8b465ee728b)
Start importing Assets/Prefabs/NoteButtons using Guid(2a613ccb9599fde4c96712f3afa56c97) Importer(815301076,1909f56bfc062723c751e8b465ee728b)  -> (artifact id: '2a46ec675d6f2adfb42c118d28e79a2c') in 0.009197 seconds
  Import took 0.013302 seconds .

========================================================================
Received Import Request.
  Time since last request: 7.491078 seconds.
  path: Assets/Prefabs/NoteButtons/Buttons_Green.prefab
  artifactKey: Guid(d974d286c9064a143a55bd174b6aefdc) Importer(815301076,1909f56bfc062723c751e8b465ee728b)
Start importing Assets/Prefabs/NoteButtons/Buttons_Green.prefab using Guid(d974d286c9064a143a55bd174b6aefdc) Importer(815301076,1909f56bfc062723c751e8b465ee728b)  -> (artifact id: 'ab288716a1c1178fba931ab13b44cab5') in 0.016292 seconds
  Import took 0.019613 seconds .

========================================================================
Received Import Request.
  Time since last request: 2.468345 seconds.
  path: Assets/Prefabs/NoteButtons/Buttons_Yellow.prefab
  artifactKey: Guid(7cac096ae197edf4d8a1e0cbc5ea80e2) Importer(815301076,1909f56bfc062723c751e8b465ee728b)
Start importing Assets/Prefabs/NoteButtons/Buttons_Yellow.prefab using Guid(7cac096ae197edf4d8a1e0cbc5ea80e2) Importer(815301076,1909f56bfc062723c751e8b465ee728b)  -> (artifact id: '761392fedccf5692790ee066459f8ed2') in 0.015498 seconds
  Import took 0.020137 seconds .

========================================================================
Received Import Request.
  Time since last request: 2.318842 seconds.
  path: Assets/Prefabs/NoteButtons/Buttons_Red.prefab
  artifactKey: Guid(396d8ca561d7c0a43a51272b406e70bc) Importer(815301076,1909f56bfc062723c751e8b465ee728b)
Start importing Assets/Prefabs/NoteButtons/Buttons_Red.prefab using Guid(396d8ca561d7c0a43a51272b406e70bc) Importer(815301076,1909f56bfc062723c751e8b465ee728b)  -> (artifact id: 'e27787eb61d2f844bbe96c46ace4c48c') in 0.011128 seconds
  Import took 0.013911 seconds .

========================================================================
Received Import Request.
  Time since last request: 2.112516 seconds.
  path: Assets/Prefabs/NoteButtons/Buttons_Blue.prefab
  artifactKey: Guid(00506391dfdf7b749904be144eb11a96) Importer(815301076,1909f56bfc062723c751e8b465ee728b)
Start importing Assets/Prefabs/NoteButtons/Buttons_Blue.prefab using Guid(00506391dfdf7b749904be144eb11a96) Importer(815301076,1909f56bfc062723c751e8b465ee728b)  -> (artifact id: '587f26c38652ae9e2b78b1c9c5214a09') in 0.010590 seconds
  Import took 0.013443 seconds .

========================================================================
Received Prepare
Registering precompiled user dll's ...
Registered in 0.000732 seconds.
Begin MonoManager ReloadAssembly
Native extension for WindowsStandalone target not found
Native extension for WebGL target not found
Refreshing native plugins compatible for Editor in 0.35 ms, found 1 plugins.
Preloading 0 native plugins for Editor in 0.00 ms.
Invoked RoslynAnalysisRunner static constructor.
RoslynAnalysisRunner will not be running.
RoslynAnalysisRunner has terminated.
Mono: successfully reloaded assembly
- Completed reload, in  0.660 seconds
Platform modules already initialized, skipping
Refreshing native plugins compatible for Editor in 0.35 ms, found 1 plugins.
Preloading 0 native plugins for Editor in 0.00 ms.
Unloading 1786 Unused Serialized files (Serialized files now loaded: 0)
System memory in use before: 87.1 MB.
System memory in use after: 87.1 MB.

Unloading 12 unused Assets to reduce memory usage. Loaded Objects now: 2254.
Total: 2.119300 ms (FindLiveObjects: 0.219500 ms CreateObjectMapping: 0.044400 ms MarkObjects: 1.761600 ms  DeleteObjects: 0.092700 ms)

========================================================================
Received Prepare
Registering precompiled user dll's ...
Registered in 0.000937 seconds.
Begin MonoManager ReloadAssembly
Native extension for WindowsStandalone target not found
Native extension for WebGL target not found
Refreshing native plugins compatible for Editor in 0.41 ms, found 1 plugins.
Preloading 0 native plugins for Editor in 0.00 ms.
Invoked RoslynAnalysisRunner static constructor.
RoslynAnalysisRunner will not be running.
RoslynAnalysisRunner has terminated.
Mono: successfully reloaded assembly
- Completed reload, in  0.723 seconds
Platform modules already initialized, skipping
Refreshing native plugins compatible for Editor in 0.47 ms, found 1 plugins.
Preloading 0 native plugins for Editor in 0.00 ms.
Unloading 1786 Unused Serialized files (Serialized files now loaded: 0)
System memory in use before: 87.2 MB.
System memory in use after: 87.2 MB.

Unloading 12 unused Assets to reduce memory usage. Loaded Objects now: 2257.
Total: 2.005900 ms (FindLiveObjects: 0.232000 ms CreateObjectMapping: 0.043700 ms MarkObjects: 1.597200 ms  DeleteObjects: 0.130900 ms)

========================================================================
Received Import Request.
  Time since last request: 13716.860586 seconds.
  path: Assets/Prefabs/NoteButtons/Buttons.prefab
  artifactKey: Guid(b03b064302c0543439886b904006925a) Importer(815301076,1909f56bfc062723c751e8b465ee728b)
Start importing Assets/Prefabs/NoteButtons/Buttons.prefab using Guid(b03b064302c0543439886b904006925a) Importer(815301076,1909f56bfc062723c751e8b465ee728b)  -> (artifact id: 'a8877642bcf08b2cd2979c8ca648efc4') in 0.173666 seconds
  Import took 0.228809 seconds .

========================================================================
Received Prepare
Registering precompiled user dll's ...
Registered in 0.000814 seconds.
Begin MonoManager ReloadAssembly
Native extension for WindowsStandalone target not found
Native extension for WebGL target not found
Refreshing native plugins compatible for Editor in 0.37 ms, found 1 plugins.
Preloading 0 native plugins for Editor in 0.00 ms.
Invoked RoslynAnalysisRunner static constructor.
RoslynAnalysisRunner will not be running.
RoslynAnalysisRunner has terminated.
Mono: successfully reloaded assembly
- Completed reload, in  0.735 seconds
Platform modules already initialized, skipping
Refreshing native plugins compatible for Editor in 0.33 ms, found 1 plugins.
Preloading 0 native plugins for Editor in 0.00 ms.
Unloading 1786 Unused Serialized files (Serialized files now loaded: 0)
System memory in use before: 87.3 MB.
System memory in use after: 87.3 MB.

Unloading 12 unused Assets to reduce memory usage. Loaded Objects now: 2261.
Total: 1.841100 ms (FindLiveObjects: 0.179300 ms CreateObjectMapping: 0.043100 ms MarkObjects: 1.533000 ms  DeleteObjects: 0.084700 ms)

========================================================================
Received Prepare
Registering precompiled user dll's ...
Registered in 0.000654 seconds.
Begin MonoManager ReloadAssembly
Native extension for WindowsStandalone target not found
Native extension for WebGL target not found
Refreshing native plugins compatible for Editor in 0.34 ms, found 1 plugins.
Preloading 0 native plugins for Editor in 0.00 ms.
Invoked RoslynAnalysisRunner static constructor.
RoslynAnalysisRunner will not be running.
RoslynAnalysisRunner has terminated.
Mono: successfully reloaded assembly
- Completed reload, in  0.709 seconds
Platform modules already initialized, skipping
Refreshing native plugins compatible for Editor in 0.37 ms, found 1 plugins.
Preloading 0 native plugins for Editor in 0.00 ms.
Unloading 1786 Unused Serialized files (Serialized files now loaded: 0)
System memory in use before: 87.4 MB.
System memory in use after: 87.4 MB.

Unloading 12 unused Assets to reduce memory usage. Loaded Objects now: 2264.
Total: 1.761400 ms (FindLiveObjects: 0.220100 ms CreateObjectMapping: 0.043700 ms MarkObjects: 1.417300 ms  DeleteObjects: 0.079700 ms)

========================================================================
Received Import Request.
  Time since last request: 793.977497 seconds.
  path: Assets/Prefabs/UI
  artifactKey: Guid(c097164ea21d0e64a959e04817f9187c) Importer(815301076,1909f56bfc062723c751e8b465ee728b)
Start importing Assets/Prefabs/UI using Guid(c097164ea21d0e64a959e04817f9187c) Importer(815301076,1909f56bfc062723c751e8b465ee728b)  -> (artifact id: 'a27b7d88038baa34a816d96086c0f041') in 0.009030 seconds
  Import took 0.011827 seconds .

========================================================================
Received Import Request.
  Time since last request: 0.744278 seconds.
  path: Assets/Prefabs/UI/Canvas.prefab
  artifactKey: Guid(4d914fb6b8348c44792d4a2b98a65d56) Importer(815301076,1909f56bfc062723c751e8b465ee728b)
Start importing Assets/Prefabs/UI/Canvas.prefab using Guid(4d914fb6b8348c44792d4a2b98a65d56) Importer(815301076,1909f56bfc062723c751e8b465ee728b)  -> (artifact id: 'db4590553030e26cf6e883df9e72c876') in 0.081816 seconds
  Import took 0.084590 seconds .

AssetImportWorkerClient::OnTransportError - code=2 error=End of file
